  [1m[36m (0.3ms)[0m  [1mselect sqlite_version(*)[0m
  [1m[35m (0.7ms)[0m  CREATE TABLE "schema_migrations" ("version" varchar(255) NOT NULL) 
  [1m[36m (0.1ms)[0m  [1mPRAGMA index_list("schema_migrations")[0m
  [1m[35m (0.6ms)[0m  CREATE UNIQUE INDEX "unique_schema_migrations" ON "schema_migrations" ("version")
  [1m[36m (0.0ms)[0m  [1mSELECT "schema_migrations"."version" FROM "schema_migrations" [0m
Migrating to CreateRecipes (20120828204105)
  [1m[35m (0.0ms)[0m  begin transaction
  [1m[36m (0.3ms)[0m  [1mCREATE TABLE "recipes" ("id" INTEGER PRIMARY KEY AUTOINCREMENT NOT NULL, "title" varchar(50), "prep_time" integer, "cook_time" integer, "servings" integer, "origin" varchar(100)) [0m
  [1m[35m (0.1ms)[0m  INSERT INTO "schema_migrations" ("version") VALUES ('20120828204105')
  [1m[36m (0.5ms)[0m  [1mcommit transaction[0m
Migrating to CreateIngredients (20120828204425)
  [1m[35m (0.0ms)[0m  begin transaction
  [1m[36m (0.3ms)[0m  [1mCREATE TABLE "ingredients" ("id" INTEGER PRIMARY KEY AUTOINCREMENT NOT NULL, "recipe_id" integer, "item" varchar(100), "sequence" integer) [0m
  [1m[35m (0.1ms)[0m  INSERT INTO "schema_migrations" ("version") VALUES ('20120828204425')
  [1m[36m (0.6ms)[0m  [1mcommit transaction[0m
Migrating to CreateSteps (20120828204546)
  [1m[35m (0.0ms)[0m  begin transaction
  [1m[36m (0.2ms)[0m  [1mCREATE TABLE "steps" ("id" INTEGER PRIMARY KEY AUTOINCREMENT NOT NULL, "recipe_id" integer, "description" varchar(200), "sequence" integer) [0m
  [1m[35m (0.1ms)[0m  INSERT INTO "schema_migrations" ("version") VALUES ('20120828204546')
  [1m[36m (0.5ms)[0m  [1mcommit transaction[0m
  [1m[35m (0.2ms)[0m  select sqlite_version(*)
  [1m[36m (0.1ms)[0m  [1mSELECT "schema_migrations"."version" FROM "schema_migrations" [0m
  [1m[35m (0.0ms)[0m  PRAGMA index_list("ingredients")
  [1m[36m (0.0ms)[0m  [1mPRAGMA index_list("recipes")[0m
  [1m[35m (0.0ms)[0m  PRAGMA index_list("steps")
  [1m[36m (0.1ms)[0m  [1mSELECT "schema_migrations"."version" FROM "schema_migrations" [0m
  [1m[35m (0.0ms)[0m  begin transaction
  [1m[36mSQL (1.7ms)[0m  [1mINSERT INTO "recipes" ("cook_time", "origin", "prep_time", "servings", "title") VALUES (?, ?, ?, ?, ?)[0m  [["cook_time", 10], ["origin", "Health Enhancement Systems"], ["prep_time", 15], ["servings", 4], ["title", "Grilled Hamburgers"]]
  [1m[35m (0.6ms)[0m  commit transaction
  [1m[36m (0.1ms)[0m  [1mbegin transaction[0m
  [1m[35mSQL (0.3ms)[0m  INSERT INTO "ingredients" ("item", "recipe_id", "sequence") VALUES (?, ?, ?)  [["item", "1 lb. ground beef"], ["recipe_id", 1], ["sequence", nil]]
  [1m[36m (0.5ms)[0m  [1mcommit transaction[0m
  [1m[35m (0.0ms)[0m  begin transaction
  [1m[36mSQL (0.2ms)[0m  [1mINSERT INTO "ingredients" ("item", "recipe_id", "sequence") VALUES (?, ?, ?)[0m  [["item", "1/2 tsp salt"], ["recipe_id", 1], ["sequence", nil]]
  [1m[35m (0.5ms)[0m  commit transaction
  [1m[36m (0.0ms)[0m  [1mbegin transaction[0m
  [1m[35mSQL (0.2ms)[0m  INSERT INTO "ingredients" ("item", "recipe_id", "sequence") VALUES (?, ?, ?)  [["item", "1/2 tsp pepper"], ["recipe_id", 1], ["sequence", nil]]
  [1m[36m (0.4ms)[0m  [1mcommit transaction[0m
  [1m[35m (0.0ms)[0m  begin transaction
  [1m[36mSQL (0.2ms)[0m  [1mINSERT INTO "ingredients" ("item", "recipe_id", "sequence") VALUES (?, ?, ?)[0m  [["item", "2 Tbsp Lea & Perrins Worcestershire sauce"], ["recipe_id", 1], ["sequence", nil]]
  [1m[35m (0.5ms)[0m  commit transaction
  [1m[36m (0.0ms)[0m  [1mbegin transaction[0m
  [1m[35mSQL (0.2ms)[0m  INSERT INTO "ingredients" ("item", "recipe_id", "sequence") VALUES (?, ?, ?)  [["item", "1/4 tsp onion powder"], ["recipe_id", 1], ["sequence", nil]]
  [1m[36m (0.4ms)[0m  [1mcommit transaction[0m
  [1m[35m (0.0ms)[0m  begin transaction
  [1m[36mSQL (0.2ms)[0m  [1mINSERT INTO "ingredients" ("item", "recipe_id", "sequence") VALUES (?, ?, ?)[0m  [["item", "1/4 tsp garlic powder"], ["recipe_id", 1], ["sequence", nil]]
  [1m[35m (0.5ms)[0m  commit transaction
  [1m[36m (0.0ms)[0m  [1mbegin transaction[0m
  [1m[35mSQL (0.2ms)[0m  INSERT INTO "steps" ("description", "recipe_id", "sequence") VALUES (?, ?, ?)  [["description", "Prepare charcoal grill for direct heat, or preheat gas grill."], ["recipe_id", 1], ["sequence", 1]]
  [1m[36m (0.4ms)[0m  [1mcommit transaction[0m
  [1m[35m (0.0ms)[0m  begin transaction
  [1m[36mSQL (0.2ms)[0m  [1mINSERT INTO "steps" ("description", "recipe_id", "sequence") VALUES (?, ?, ?)[0m  [["description", "Combine all ingredients and form into four 1/4 pound patties"], ["recipe_id", 1], ["sequence", 2]]
  [1m[35m (0.4ms)[0m  commit transaction
  [1m[36m (0.0ms)[0m  [1mbegin transaction[0m
  [1m[35mSQL (0.2ms)[0m  INSERT INTO "steps" ("description", "recipe_id", "sequence") VALUES (?, ?, ?)  [["description", "Place each patty on the grill.  After 2 minutes, slide a spatula under each patty and rotate 1/4 turn to sear a cross-hatch pattern."], ["recipe_id", 1], ["sequence", 3]]
  [1m[36m (0.4ms)[0m  [1mcommit transaction[0m
  [1m[35m (0.0ms)[0m  begin transaction
  [1m[36mSQL (0.2ms)[0m  [1mINSERT INTO "steps" ("description", "recipe_id", "sequence") VALUES (?, ?, ?)[0m  [["description", "After 4 additional minutes (6 minutes total), flip the patties and top with cheese if desired.  Cook an additional 3-4 minutes."], ["recipe_id", 1], ["sequence", 4]]
  [1m[35m (0.4ms)[0m  commit transaction
  [1m[36m (0.0ms)[0m  [1mbegin transaction[0m
  [1m[35mSQL (0.1ms)[0m  INSERT INTO "steps" ("description", "recipe_id", "sequence") VALUES (?, ?, ?)  [["description", "Serve with toasted buns, lettuce, tomato, onion.  Consider jalapeno peppers, horseradish, and other spices."], ["recipe_id", 1], ["sequence", 5]]
  [1m[36m (0.4ms)[0m  [1mcommit transaction[0m


Started GET "/" for 127.0.0.1 at 2016-04-29 12:14:46 -0400
Processing by RecipesController#index as HTML
  [1m[36mRecipe Load (0.1ms)[0m  [1mSELECT "recipes".* FROM "recipes" [0m
  Rendered recipes/index.html.erb within layouts/application (1.6ms)
Completed 200 OK in 9ms (Views: 5.3ms | ActiveRecord: 0.1ms)


Started GET "/recipes/1" for 127.0.0.1 at 2016-04-29 12:15:15 -0400
Processing by RecipesController#show as HTML
  Parameters: {"id"=>"1"}
Completed 500 Internal Server Error in 2ms

ActionView::MissingTemplate (Missing template recipes/show, application/show with {:locale=>[:en], :formats=>[:html], :handlers=>[:erb, :builder]}. Searched in:
  * "/Users/sheph2mj/projects/health_wellness_challenge/HESRecipes/app/views"
):
  actionpack (3.2.2) lib/action_view/path_set.rb:58:in `find'
  actionpack (3.2.2) lib/action_view/lookup_context.rb:109:in `find'
  actionpack (3.2.2) lib/action_view/renderer/abstract_renderer.rb:3:in `find_template'
  actionpack (3.2.2) lib/action_view/renderer/template_renderer.rb:29:in `determine_template'
  actionpack (3.2.2) lib/action_view/renderer/template_renderer.rb:10:in `render'
  actionpack (3.2.2) lib/action_view/renderer/renderer.rb:36:in `render_template'
  actionpack (3.2.2) lib/action_view/renderer/renderer.rb:17:in `render'
  actionpack (3.2.2) lib/abstract_controller/rendering.rb:109:in `_render_template'
  actionpack (3.2.2) lib/action_controller/metal/streaming.rb:225:in `_render_template'
  actionpack (3.2.2) lib/abstract_controller/rendering.rb:103:in `render_to_body'
  actionpack (3.2.2) lib/action_controller/metal/renderers.rb:28:in `render_to_body'
  actionpack (3.2.2) lib/action_controller/metal/compatibility.rb:50:in `render_to_body'
  actionpack (3.2.2) lib/abstract_controller/rendering.rb:88:in `render'
  actionpack (3.2.2) lib/action_controller/metal/rendering.rb:16:in `render'
  actionpack (3.2.2) lib/action_controller/metal/instrumentation.rb:40:in `block (2 levels) in render'
  activesupport (3.2.2) lib/active_support/core_ext/benchmark.rb:5:in `block in ms'
  /System/Library/Frameworks/Ruby.framework/Versions/2.0/usr/lib/ruby/2.0.0/benchmark.rb:296:in `realtime'
  activesupport (3.2.2) lib/active_support/core_ext/benchmark.rb:5:in `ms'
  actionpack (3.2.2) lib/action_controller/metal/instrumentation.rb:40:in `block in render'
  actionpack (3.2.2) lib/action_controller/metal/instrumentation.rb:83:in `cleanup_view_runtime'
  activerecord (3.2.2) lib/active_record/railties/controller_runtime.rb:24:in `cleanup_view_runtime'
  actionpack (3.2.2) lib/action_controller/metal/instrumentation.rb:39:in `render'
  actionpack (3.2.2) lib/action_controller/metal/implicit_render.rb:10:in `default_render'
  actionpack (3.2.2) lib/action_controller/metal/implicit_render.rb:5:in `send_action'
  actionpack (3.2.2) lib/abstract_controller/base.rb:167:in `process_action'
  actionpack (3.2.2) lib/action_controller/metal/rendering.rb:10:in `process_action'
  actionpack (3.2.2) lib/abstract_controller/callbacks.rb:18:in `block in process_action'
  activesupport (3.2.2) lib/active_support/callbacks.rb:414:in `_run__122967748154395849__process_action__2037370104121733759__callbacks'
  activesupport (3.2.2) lib/active_support/callbacks.rb:405:in `__run_callback'
  activesupport (3.2.2) lib/active_support/callbacks.rb:385:in `_run_process_action_callbacks'
  activesupport (3.2.2) lib/active_support/callbacks.rb:81:in `run_callbacks'
  actionpack (3.2.2) lib/abstract_controller/callbacks.rb:17:in `process_action'
  actionpack (3.2.2) lib/action_controller/metal/rescue.rb:29:in `process_action'
  actionpack (3.2.2) lib/action_controller/metal/instrumentation.rb:30:in `block in process_action'
  activesupport (3.2.2) lib/active_support/notifications.rb:123:in `block in instrument'
  activesupport (3.2.2) lib/active_support/notifications/instrumenter.rb:20:in `instrument'
  activesupport (3.2.2) lib/active_support/notifications.rb:123:in `instrument'
  actionpack (3.2.2) lib/action_controller/metal/instrumentation.rb:29:in `process_action'
  actionpack (3.2.2) lib/action_controller/metal/params_wrapper.rb:205:in `process_action'
  activerecord (3.2.2) lib/active_record/railties/controller_runtime.rb:18:in `process_action'
  actionpack (3.2.2) lib/abstract_controller/base.rb:121:in `process'
  actionpack (3.2.2) lib/abstract_controller/rendering.rb:45:in `process'
  actionpack (3.2.2) lib/action_controller/metal.rb:203:in `dispatch'
  actionpack (3.2.2) lib/action_controller/metal/rack_delegation.rb:14:in `dispatch'
  actionpack (3.2.2) lib/action_controller/metal.rb:246:in `block in action'
  actionpack (3.2.2) lib/action_dispatch/routing/route_set.rb:67:in `call'
  actionpack (3.2.2) lib/action_dispatch/routing/route_set.rb:67:in `dispatch'
  actionpack (3.2.2) lib/action_dispatch/routing/route_set.rb:30:in `call'
  journey (1.0.4) lib/journey/router.rb:68:in `block in call'
  journey (1.0.4) lib/journey/router.rb:56:in `each'
  journey (1.0.4) lib/journey/router.rb:56:in `call'
  actionpack (3.2.2) lib/action_dispatch/routing/route_set.rb:594:in `call'
  actionpack (3.2.2) lib/action_dispatch/middleware/best_standards_support.rb:17:in `call'
  rack (1.4.1) lib/rack/etag.rb:23:in `call'
  rack (1.4.1) lib/rack/conditionalget.rb:25:in `call'
  actionpack (3.2.2) lib/action_dispatch/middleware/head.rb:14:in `call'
  actionpack (3.2.2) lib/action_dispatch/middleware/params_parser.rb:21:in `call'
  actionpack (3.2.2) lib/action_dispatch/middleware/flash.rb:242:in `call'
  rack (1.4.1) lib/rack/session/abstract/id.rb:205:in `context'
  rack (1.4.1) lib/rack/session/abstract/id.rb:200:in `call'
  actionpack (3.2.2) lib/action_dispatch/middleware/cookies.rb:338:in `call'
  activerecord (3.2.2) lib/active_record/query_cache.rb:64:in `call'
  activerecord (3.2.2) lib/active_record/connection_adapters/abstract/connection_pool.rb:443:in `call'
  actionpack (3.2.2) lib/action_dispatch/middleware/callbacks.rb:28:in `block in call'
  activesupport (3.2.2) lib/active_support/callbacks.rb:405:in `_run__279829379048311094__call__9349657319165825__callbacks'
  activesupport (3.2.2) lib/active_support/callbacks.rb:405:in `__run_callback'
  activesupport (3.2.2) lib/active_support/callbacks.rb:385:in `_run_call_callbacks'
  activesupport (3.2.2) lib/active_support/callbacks.rb:81:in `run_callbacks'
  actionpack (3.2.2) lib/action_dispatch/middleware/callbacks.rb:27:in `call'
  actionpack (3.2.2) lib/action_dispatch/middleware/reloader.rb:65:in `call'
  actionpack (3.2.2) lib/action_dispatch/middleware/remote_ip.rb:31:in `call'
  actionpack (3.2.2) lib/action_dispatch/middleware/debug_exceptions.rb:16:in `call'
  actionpack (3.2.2) lib/action_dispatch/middleware/show_exceptions.rb:56:in `call'
  railties (3.2.2) lib/rails/rack/logger.rb:26:in `call_app'
  railties (3.2.2) lib/rails/rack/logger.rb:16:in `call'
  actionpack (3.2.2) lib/action_dispatch/middleware/request_id.rb:22:in `call'
  rack (1.4.1) lib/rack/methodoverride.rb:21:in `call'
  rack (1.4.1) lib/rack/runtime.rb:17:in `call'
  activesupport (3.2.2) lib/active_support/cache/strategy/local_cache.rb:72:in `call'
  rack (1.4.1) lib/rack/lock.rb:15:in `call'
  actionpack (3.2.2) lib/action_dispatch/middleware/static.rb:61:in `call'
  railties (3.2.2) lib/rails/engine.rb:479:in `call'
  railties (3.2.2) lib/rails/application.rb:220:in `call'
  rack (1.4.1) lib/rack/content_length.rb:14:in `call'
  railties (3.2.2) lib/rails/rack/log_tailer.rb:14:in `call'
  rack (1.4.1) lib/rack/handler/webrick.rb:59:in `service'
  /System/Library/Frameworks/Ruby.framework/Versions/2.0/usr/lib/ruby/2.0.0/webrick/httpserver.rb:138:in `service'
  /System/Library/Frameworks/Ruby.framework/Versions/2.0/usr/lib/ruby/2.0.0/webrick/httpserver.rb:94:in `run'
  /System/Library/Frameworks/Ruby.framework/Versions/2.0/usr/lib/ruby/2.0.0/webrick/server.rb:295:in `block in start_thread'


  Rendered /Library/Ruby/Gems/2.0.0/gems/actionpack-3.2.2/lib/action_dispatch/middleware/templates/rescues/missing_template.erb within rescues/layout (0.3ms)


Started GET "/1/show" for 127.0.0.1 at 2016-04-29 12:16:40 -0400

ActionController::RoutingError (No route matches [GET] "/1/show"):
  actionpack (3.2.2) lib/action_dispatch/middleware/debug_exceptions.rb:21:in `call'
  actionpack (3.2.2) lib/action_dispatch/middleware/show_exceptions.rb:56:in `call'
  railties (3.2.2) lib/rails/rack/logger.rb:26:in `call_app'
  railties (3.2.2) lib/rails/rack/logger.rb:16:in `call'
  actionpack (3.2.2) lib/action_dispatch/middleware/request_id.rb:22:in `call'
  rack (1.4.1) lib/rack/methodoverride.rb:21:in `call'
  rack (1.4.1) lib/rack/runtime.rb:17:in `call'
  activesupport (3.2.2) lib/active_support/cache/strategy/local_cache.rb:72:in `call'
  rack (1.4.1) lib/rack/lock.rb:15:in `call'
  actionpack (3.2.2) lib/action_dispatch/middleware/static.rb:61:in `call'
  railties (3.2.2) lib/rails/engine.rb:479:in `call'
  railties (3.2.2) lib/rails/application.rb:220:in `call'
  rack (1.4.1) lib/rack/content_length.rb:14:in `call'
  railties (3.2.2) lib/rails/rack/log_tailer.rb:14:in `call'
  rack (1.4.1) lib/rack/handler/webrick.rb:59:in `service'
  /System/Library/Frameworks/Ruby.framework/Versions/2.0/usr/lib/ruby/2.0.0/webrick/httpserver.rb:138:in `service'
  /System/Library/Frameworks/Ruby.framework/Versions/2.0/usr/lib/ruby/2.0.0/webrick/httpserver.rb:94:in `run'
  /System/Library/Frameworks/Ruby.framework/Versions/2.0/usr/lib/ruby/2.0.0/webrick/server.rb:295:in `block in start_thread'


  Rendered /Library/Ruby/Gems/2.0.0/gems/actionpack-3.2.2/lib/action_dispatch/middleware/templates/rescues/routing_error.erb within rescues/layout (0.7ms)


Started GET "/recipe/1/show" for 127.0.0.1 at 2016-04-29 12:17:06 -0400

ActionController::RoutingError (No route matches [GET] "/recipe/1/show"):
  actionpack (3.2.2) lib/action_dispatch/middleware/debug_exceptions.rb:21:in `call'
  actionpack (3.2.2) lib/action_dispatch/middleware/show_exceptions.rb:56:in `call'
  railties (3.2.2) lib/rails/rack/logger.rb:26:in `call_app'
  railties (3.2.2) lib/rails/rack/logger.rb:16:in `call'
  actionpack (3.2.2) lib/action_dispatch/middleware/request_id.rb:22:in `call'
  rack (1.4.1) lib/rack/methodoverride.rb:21:in `call'
  rack (1.4.1) lib/rack/runtime.rb:17:in `call'
  activesupport (3.2.2) lib/active_support/cache/strategy/local_cache.rb:72:in `call'
  rack (1.4.1) lib/rack/lock.rb:15:in `call'
  actionpack (3.2.2) lib/action_dispatch/middleware/static.rb:61:in `call'
  railties (3.2.2) lib/rails/engine.rb:479:in `call'
  railties (3.2.2) lib/rails/application.rb:220:in `call'
  rack (1.4.1) lib/rack/content_length.rb:14:in `call'
  railties (3.2.2) lib/rails/rack/log_tailer.rb:14:in `call'
  rack (1.4.1) lib/rack/handler/webrick.rb:59:in `service'
  /System/Library/Frameworks/Ruby.framework/Versions/2.0/usr/lib/ruby/2.0.0/webrick/httpserver.rb:138:in `service'
  /System/Library/Frameworks/Ruby.framework/Versions/2.0/usr/lib/ruby/2.0.0/webrick/httpserver.rb:94:in `run'
  /System/Library/Frameworks/Ruby.framework/Versions/2.0/usr/lib/ruby/2.0.0/webrick/server.rb:295:in `block in start_thread'


  Rendered /Library/Ruby/Gems/2.0.0/gems/actionpack-3.2.2/lib/action_dispatch/middleware/templates/rescues/routing_error.erb within rescues/layout (0.4ms)


Started GET "/recipe/:id/show" for 127.0.0.1 at 2016-04-29 12:17:18 -0400

ActionController::RoutingError (No route matches [GET] "/recipe/:id/show"):
  actionpack (3.2.2) lib/action_dispatch/middleware/debug_exceptions.rb:21:in `call'
  actionpack (3.2.2) lib/action_dispatch/middleware/show_exceptions.rb:56:in `call'
  railties (3.2.2) lib/rails/rack/logger.rb:26:in `call_app'
  railties (3.2.2) lib/rails/rack/logger.rb:16:in `call'
  actionpack (3.2.2) lib/action_dispatch/middleware/request_id.rb:22:in `call'
  rack (1.4.1) lib/rack/methodoverride.rb:21:in `call'
  rack (1.4.1) lib/rack/runtime.rb:17:in `call'
  activesupport (3.2.2) lib/active_support/cache/strategy/local_cache.rb:72:in `call'
  rack (1.4.1) lib/rack/lock.rb:15:in `call'
  actionpack (3.2.2) lib/action_dispatch/middleware/static.rb:61:in `call'
  railties (3.2.2) lib/rails/engine.rb:479:in `call'
  railties (3.2.2) lib/rails/application.rb:220:in `call'
  rack (1.4.1) lib/rack/content_length.rb:14:in `call'
  railties (3.2.2) lib/rails/rack/log_tailer.rb:14:in `call'
  rack (1.4.1) lib/rack/handler/webrick.rb:59:in `service'
  /System/Library/Frameworks/Ruby.framework/Versions/2.0/usr/lib/ruby/2.0.0/webrick/httpserver.rb:138:in `service'
  /System/Library/Frameworks/Ruby.framework/Versions/2.0/usr/lib/ruby/2.0.0/webrick/httpserver.rb:94:in `run'
  /System/Library/Frameworks/Ruby.framework/Versions/2.0/usr/lib/ruby/2.0.0/webrick/server.rb:295:in `block in start_thread'


  Rendered /Library/Ruby/Gems/2.0.0/gems/actionpack-3.2.2/lib/action_dispatch/middleware/templates/rescues/routing_error.erb within rescues/layout (0.5ms)


Started GET "/recipe/1/show" for 127.0.0.1 at 2016-04-29 12:17:21 -0400

ActionController::RoutingError (No route matches [GET] "/recipe/1/show"):
  actionpack (3.2.2) lib/action_dispatch/middleware/debug_exceptions.rb:21:in `call'
  actionpack (3.2.2) lib/action_dispatch/middleware/show_exceptions.rb:56:in `call'
  railties (3.2.2) lib/rails/rack/logger.rb:26:in `call_app'
  railties (3.2.2) lib/rails/rack/logger.rb:16:in `call'
  actionpack (3.2.2) lib/action_dispatch/middleware/request_id.rb:22:in `call'
  rack (1.4.1) lib/rack/methodoverride.rb:21:in `call'
  rack (1.4.1) lib/rack/runtime.rb:17:in `call'
  activesupport (3.2.2) lib/active_support/cache/strategy/local_cache.rb:72:in `call'
  rack (1.4.1) lib/rack/lock.rb:15:in `call'
  actionpack (3.2.2) lib/action_dispatch/middleware/static.rb:61:in `call'
  railties (3.2.2) lib/rails/engine.rb:479:in `call'
  railties (3.2.2) lib/rails/application.rb:220:in `call'
  rack (1.4.1) lib/rack/content_length.rb:14:in `call'
  railties (3.2.2) lib/rails/rack/log_tailer.rb:14:in `call'
  rack (1.4.1) lib/rack/handler/webrick.rb:59:in `service'
  /System/Library/Frameworks/Ruby.framework/Versions/2.0/usr/lib/ruby/2.0.0/webrick/httpserver.rb:138:in `service'
  /System/Library/Frameworks/Ruby.framework/Versions/2.0/usr/lib/ruby/2.0.0/webrick/httpserver.rb:94:in `run'
  /System/Library/Frameworks/Ruby.framework/Versions/2.0/usr/lib/ruby/2.0.0/webrick/server.rb:295:in `block in start_thread'


  Rendered /Library/Ruby/Gems/2.0.0/gems/actionpack-3.2.2/lib/action_dispatch/middleware/templates/rescues/routing_error.erb within rescues/layout (0.9ms)


Started GET "/recipe/2/show" for 127.0.0.1 at 2016-04-29 12:17:25 -0400

ActionController::RoutingError (No route matches [GET] "/recipe/2/show"):
  actionpack (3.2.2) lib/action_dispatch/middleware/debug_exceptions.rb:21:in `call'
  actionpack (3.2.2) lib/action_dispatch/middleware/show_exceptions.rb:56:in `call'
  railties (3.2.2) lib/rails/rack/logger.rb:26:in `call_app'
  railties (3.2.2) lib/rails/rack/logger.rb:16:in `call'
  actionpack (3.2.2) lib/action_dispatch/middleware/request_id.rb:22:in `call'
  rack (1.4.1) lib/rack/methodoverride.rb:21:in `call'
  rack (1.4.1) lib/rack/runtime.rb:17:in `call'
  activesupport (3.2.2) lib/active_support/cache/strategy/local_cache.rb:72:in `call'
  rack (1.4.1) lib/rack/lock.rb:15:in `call'
  actionpack (3.2.2) lib/action_dispatch/middleware/static.rb:61:in `call'
  railties (3.2.2) lib/rails/engine.rb:479:in `call'
  railties (3.2.2) lib/rails/application.rb:220:in `call'
  rack (1.4.1) lib/rack/content_length.rb:14:in `call'
  railties (3.2.2) lib/rails/rack/log_tailer.rb:14:in `call'
  rack (1.4.1) lib/rack/handler/webrick.rb:59:in `service'
  /System/Library/Frameworks/Ruby.framework/Versions/2.0/usr/lib/ruby/2.0.0/webrick/httpserver.rb:138:in `service'
  /System/Library/Frameworks/Ruby.framework/Versions/2.0/usr/lib/ruby/2.0.0/webrick/httpserver.rb:94:in `run'
  /System/Library/Frameworks/Ruby.framework/Versions/2.0/usr/lib/ruby/2.0.0/webrick/server.rb:295:in `block in start_thread'


  Rendered /Library/Ruby/Gems/2.0.0/gems/actionpack-3.2.2/lib/action_dispatch/middleware/templates/rescues/routing_error.erb within rescues/layout (0.4ms)


Started GET "/recipe/new" for 127.0.0.1 at 2016-04-29 12:17:35 -0400

ActionController::RoutingError (No route matches [GET] "/recipe/new"):
  actionpack (3.2.2) lib/action_dispatch/middleware/debug_exceptions.rb:21:in `call'
  actionpack (3.2.2) lib/action_dispatch/middleware/show_exceptions.rb:56:in `call'
  railties (3.2.2) lib/rails/rack/logger.rb:26:in `call_app'
  railties (3.2.2) lib/rails/rack/logger.rb:16:in `call'
  actionpack (3.2.2) lib/action_dispatch/middleware/request_id.rb:22:in `call'
  rack (1.4.1) lib/rack/methodoverride.rb:21:in `call'
  rack (1.4.1) lib/rack/runtime.rb:17:in `call'
  activesupport (3.2.2) lib/active_support/cache/strategy/local_cache.rb:72:in `call'
  rack (1.4.1) lib/rack/lock.rb:15:in `call'
  actionpack (3.2.2) lib/action_dispatch/middleware/static.rb:61:in `call'
  railties (3.2.2) lib/rails/engine.rb:479:in `call'
  railties (3.2.2) lib/rails/application.rb:220:in `call'
  rack (1.4.1) lib/rack/content_length.rb:14:in `call'
  railties (3.2.2) lib/rails/rack/log_tailer.rb:14:in `call'
  rack (1.4.1) lib/rack/handler/webrick.rb:59:in `service'
  /System/Library/Frameworks/Ruby.framework/Versions/2.0/usr/lib/ruby/2.0.0/webrick/httpserver.rb:138:in `service'
  /System/Library/Frameworks/Ruby.framework/Versions/2.0/usr/lib/ruby/2.0.0/webrick/httpserver.rb:94:in `run'
  /System/Library/Frameworks/Ruby.framework/Versions/2.0/usr/lib/ruby/2.0.0/webrick/server.rb:295:in `block in start_thread'


  Rendered /Library/Ruby/Gems/2.0.0/gems/actionpack-3.2.2/lib/action_dispatch/middleware/templates/rescues/routing_error.erb within rescues/layout (0.4ms)


Started GET "/recipe/new" for 127.0.0.1 at 2016-04-29 12:44:36 -0400

ActionController::RoutingError (No route matches [GET] "/recipe/new"):
  actionpack (3.2.2) lib/action_dispatch/middleware/debug_exceptions.rb:21:in `call'
  actionpack (3.2.2) lib/action_dispatch/middleware/show_exceptions.rb:56:in `call'
  railties (3.2.2) lib/rails/rack/logger.rb:26:in `call_app'
  railties (3.2.2) lib/rails/rack/logger.rb:16:in `call'
  actionpack (3.2.2) lib/action_dispatch/middleware/request_id.rb:22:in `call'
  rack (1.4.1) lib/rack/methodoverride.rb:21:in `call'
  rack (1.4.1) lib/rack/runtime.rb:17:in `call'
  activesupport (3.2.2) lib/active_support/cache/strategy/local_cache.rb:72:in `call'
  rack (1.4.1) lib/rack/lock.rb:15:in `call'
  actionpack (3.2.2) lib/action_dispatch/middleware/static.rb:61:in `call'
  railties (3.2.2) lib/rails/engine.rb:479:in `call'
  railties (3.2.2) lib/rails/application.rb:220:in `call'
  rack (1.4.1) lib/rack/content_length.rb:14:in `call'
  railties (3.2.2) lib/rails/rack/log_tailer.rb:14:in `call'
  rack (1.4.1) lib/rack/handler/webrick.rb:59:in `service'
  /System/Library/Frameworks/Ruby.framework/Versions/2.0/usr/lib/ruby/2.0.0/webrick/httpserver.rb:138:in `service'
  /System/Library/Frameworks/Ruby.framework/Versions/2.0/usr/lib/ruby/2.0.0/webrick/httpserver.rb:94:in `run'
  /System/Library/Frameworks/Ruby.framework/Versions/2.0/usr/lib/ruby/2.0.0/webrick/server.rb:295:in `block in start_thread'


  Rendered /Library/Ruby/Gems/2.0.0/gems/actionpack-3.2.2/lib/action_dispatch/middleware/templates/rescues/routing_error.erb within rescues/layout (0.7ms)


Started GET "/recipe/new" for 127.0.0.1 at 2016-04-29 12:44:42 -0400

ActionController::RoutingError (No route matches [GET] "/recipe/new"):
  actionpack (3.2.2) lib/action_dispatch/middleware/debug_exceptions.rb:21:in `call'
  actionpack (3.2.2) lib/action_dispatch/middleware/show_exceptions.rb:56:in `call'
  railties (3.2.2) lib/rails/rack/logger.rb:26:in `call_app'
  railties (3.2.2) lib/rails/rack/logger.rb:16:in `call'
  actionpack (3.2.2) lib/action_dispatch/middleware/request_id.rb:22:in `call'
  rack (1.4.1) lib/rack/methodoverride.rb:21:in `call'
  rack (1.4.1) lib/rack/runtime.rb:17:in `call'
  activesupport (3.2.2) lib/active_support/cache/strategy/local_cache.rb:72:in `call'
  rack (1.4.1) lib/rack/lock.rb:15:in `call'
  actionpack (3.2.2) lib/action_dispatch/middleware/static.rb:61:in `call'
  railties (3.2.2) lib/rails/engine.rb:479:in `call'
  railties (3.2.2) lib/rails/application.rb:220:in `call'
  rack (1.4.1) lib/rack/content_length.rb:14:in `call'
  railties (3.2.2) lib/rails/rack/log_tailer.rb:14:in `call'
  rack (1.4.1) lib/rack/handler/webrick.rb:59:in `service'
  /System/Library/Frameworks/Ruby.framework/Versions/2.0/usr/lib/ruby/2.0.0/webrick/httpserver.rb:138:in `service'
  /System/Library/Frameworks/Ruby.framework/Versions/2.0/usr/lib/ruby/2.0.0/webrick/httpserver.rb:94:in `run'
  /System/Library/Frameworks/Ruby.framework/Versions/2.0/usr/lib/ruby/2.0.0/webrick/server.rb:295:in `block in start_thread'


  Rendered /Library/Ruby/Gems/2.0.0/gems/actionpack-3.2.2/lib/action_dispatch/middleware/templates/rescues/routing_error.erb within rescues/layout (0.4ms)


Started GET "/recipe/new" for 127.0.0.1 at 2016-04-29 12:44:43 -0400

ActionController::RoutingError (No route matches [GET] "/recipe/new"):
  actionpack (3.2.2) lib/action_dispatch/middleware/debug_exceptions.rb:21:in `call'
  actionpack (3.2.2) lib/action_dispatch/middleware/show_exceptions.rb:56:in `call'
  railties (3.2.2) lib/rails/rack/logger.rb:26:in `call_app'
  railties (3.2.2) lib/rails/rack/logger.rb:16:in `call'
  actionpack (3.2.2) lib/action_dispatch/middleware/request_id.rb:22:in `call'
  rack (1.4.1) lib/rack/methodoverride.rb:21:in `call'
  rack (1.4.1) lib/rack/runtime.rb:17:in `call'
  activesupport (3.2.2) lib/active_support/cache/strategy/local_cache.rb:72:in `call'
  rack (1.4.1) lib/rack/lock.rb:15:in `call'
  actionpack (3.2.2) lib/action_dispatch/middleware/static.rb:61:in `call'
  railties (3.2.2) lib/rails/engine.rb:479:in `call'
  railties (3.2.2) lib/rails/application.rb:220:in `call'
  rack (1.4.1) lib/rack/content_length.rb:14:in `call'
  railties (3.2.2) lib/rails/rack/log_tailer.rb:14:in `call'
  rack (1.4.1) lib/rack/handler/webrick.rb:59:in `service'
  /System/Library/Frameworks/Ruby.framework/Versions/2.0/usr/lib/ruby/2.0.0/webrick/httpserver.rb:138:in `service'
  /System/Library/Frameworks/Ruby.framework/Versions/2.0/usr/lib/ruby/2.0.0/webrick/httpserver.rb:94:in `run'
  /System/Library/Frameworks/Ruby.framework/Versions/2.0/usr/lib/ruby/2.0.0/webrick/server.rb:295:in `block in start_thread'


  Rendered /Library/Ruby/Gems/2.0.0/gems/actionpack-3.2.2/lib/action_dispatch/middleware/templates/rescues/routing_error.erb within rescues/layout (0.5ms)


Started GET "/recipe/new" for 127.0.0.1 at 2016-04-29 12:44:43 -0400

ActionController::RoutingError (No route matches [GET] "/recipe/new"):
  actionpack (3.2.2) lib/action_dispatch/middleware/debug_exceptions.rb:21:in `call'
  actionpack (3.2.2) lib/action_dispatch/middleware/show_exceptions.rb:56:in `call'
  railties (3.2.2) lib/rails/rack/logger.rb:26:in `call_app'
  railties (3.2.2) lib/rails/rack/logger.rb:16:in `call'
  actionpack (3.2.2) lib/action_dispatch/middleware/request_id.rb:22:in `call'
  rack (1.4.1) lib/rack/methodoverride.rb:21:in `call'
  rack (1.4.1) lib/rack/runtime.rb:17:in `call'
  activesupport (3.2.2) lib/active_support/cache/strategy/local_cache.rb:72:in `call'
  rack (1.4.1) lib/rack/lock.rb:15:in `call'
  actionpack (3.2.2) lib/action_dispatch/middleware/static.rb:61:in `call'
  railties (3.2.2) lib/rails/engine.rb:479:in `call'
  railties (3.2.2) lib/rails/application.rb:220:in `call'
  rack (1.4.1) lib/rack/content_length.rb:14:in `call'
  railties (3.2.2) lib/rails/rack/log_tailer.rb:14:in `call'
  rack (1.4.1) lib/rack/handler/webrick.rb:59:in `service'
  /System/Library/Frameworks/Ruby.framework/Versions/2.0/usr/lib/ruby/2.0.0/webrick/httpserver.rb:138:in `service'
  /System/Library/Frameworks/Ruby.framework/Versions/2.0/usr/lib/ruby/2.0.0/webrick/httpserver.rb:94:in `run'
  /System/Library/Frameworks/Ruby.framework/Versions/2.0/usr/lib/ruby/2.0.0/webrick/server.rb:295:in `block in start_thread'


  Rendered /Library/Ruby/Gems/2.0.0/gems/actionpack-3.2.2/lib/action_dispatch/middleware/templates/rescues/routing_error.erb within rescues/layout (0.4ms)


Started GET "/recipe/new" for 127.0.0.1 at 2016-04-29 12:44:44 -0400

ActionController::RoutingError (No route matches [GET] "/recipe/new"):
  actionpack (3.2.2) lib/action_dispatch/middleware/debug_exceptions.rb:21:in `call'
  actionpack (3.2.2) lib/action_dispatch/middleware/show_exceptions.rb:56:in `call'
  railties (3.2.2) lib/rails/rack/logger.rb:26:in `call_app'
  railties (3.2.2) lib/rails/rack/logger.rb:16:in `call'
  actionpack (3.2.2) lib/action_dispatch/middleware/request_id.rb:22:in `call'
  rack (1.4.1) lib/rack/methodoverride.rb:21:in `call'
  rack (1.4.1) lib/rack/runtime.rb:17:in `call'
  activesupport (3.2.2) lib/active_support/cache/strategy/local_cache.rb:72:in `call'
  rack (1.4.1) lib/rack/lock.rb:15:in `call'
  actionpack (3.2.2) lib/action_dispatch/middleware/static.rb:61:in `call'
  railties (3.2.2) lib/rails/engine.rb:479:in `call'
  railties (3.2.2) lib/rails/application.rb:220:in `call'
  rack (1.4.1) lib/rack/content_length.rb:14:in `call'
  railties (3.2.2) lib/rails/rack/log_tailer.rb:14:in `call'
  rack (1.4.1) lib/rack/handler/webrick.rb:59:in `service'
  /System/Library/Frameworks/Ruby.framework/Versions/2.0/usr/lib/ruby/2.0.0/webrick/httpserver.rb:138:in `service'
  /System/Library/Frameworks/Ruby.framework/Versions/2.0/usr/lib/ruby/2.0.0/webrick/httpserver.rb:94:in `run'
  /System/Library/Frameworks/Ruby.framework/Versions/2.0/usr/lib/ruby/2.0.0/webrick/server.rb:295:in `block in start_thread'


  Rendered /Library/Ruby/Gems/2.0.0/gems/actionpack-3.2.2/lib/action_dispatch/middleware/templates/rescues/routing_error.erb within rescues/layout (0.4ms)


Started GET "/recipe/new" for 127.0.0.1 at 2016-04-29 12:45:39 -0400

ActionController::RoutingError (No route matches [GET] "/recipe/new"):
  actionpack (3.2.2) lib/action_dispatch/middleware/debug_exceptions.rb:21:in `call'
  actionpack (3.2.2) lib/action_dispatch/middleware/show_exceptions.rb:56:in `call'
  railties (3.2.2) lib/rails/rack/logger.rb:26:in `call_app'
  railties (3.2.2) lib/rails/rack/logger.rb:16:in `call'
  actionpack (3.2.2) lib/action_dispatch/middleware/request_id.rb:22:in `call'
  rack (1.4.1) lib/rack/methodoverride.rb:21:in `call'
  rack (1.4.1) lib/rack/runtime.rb:17:in `call'
  activesupport (3.2.2) lib/active_support/cache/strategy/local_cache.rb:72:in `call'
  rack (1.4.1) lib/rack/lock.rb:15:in `call'
  actionpack (3.2.2) lib/action_dispatch/middleware/static.rb:61:in `call'
  railties (3.2.2) lib/rails/engine.rb:479:in `call'
  railties (3.2.2) lib/rails/application.rb:220:in `call'
  rack (1.4.1) lib/rack/content_length.rb:14:in `call'
  railties (3.2.2) lib/rails/rack/log_tailer.rb:14:in `call'
  rack (1.4.1) lib/rack/handler/webrick.rb:59:in `service'
  /System/Library/Frameworks/Ruby.framework/Versions/2.0/usr/lib/ruby/2.0.0/webrick/httpserver.rb:138:in `service'
  /System/Library/Frameworks/Ruby.framework/Versions/2.0/usr/lib/ruby/2.0.0/webrick/httpserver.rb:94:in `run'
  /System/Library/Frameworks/Ruby.framework/Versions/2.0/usr/lib/ruby/2.0.0/webrick/server.rb:295:in `block in start_thread'


  Rendered /Library/Ruby/Gems/2.0.0/gems/actionpack-3.2.2/lib/action_dispatch/middleware/templates/rescues/routing_error.erb within rescues/layout (0.4ms)


Started GET "/recipes/new" for 127.0.0.1 at 2016-04-29 12:45:42 -0400
Processing by RecipesController#new as HTML
Completed 500 Internal Server Error in 1ms

ActionView::MissingTemplate (Missing template recipes/new, application/new with {:locale=>[:en], :formats=>[:html], :handlers=>[:erb, :builder]}. Searched in:
  * "/Users/sheph2mj/projects/health_wellness_challenge/HESRecipes/app/views"
):
  actionpack (3.2.2) lib/action_view/path_set.rb:58:in `find'
  actionpack (3.2.2) lib/action_view/lookup_context.rb:109:in `find'
  actionpack (3.2.2) lib/action_view/renderer/abstract_renderer.rb:3:in `find_template'
  actionpack (3.2.2) lib/action_view/renderer/template_renderer.rb:29:in `determine_template'
  actionpack (3.2.2) lib/action_view/renderer/template_renderer.rb:10:in `render'
  actionpack (3.2.2) lib/action_view/renderer/renderer.rb:36:in `render_template'
  actionpack (3.2.2) lib/action_view/renderer/renderer.rb:17:in `render'
  actionpack (3.2.2) lib/abstract_controller/rendering.rb:109:in `_render_template'
  actionpack (3.2.2) lib/action_controller/metal/streaming.rb:225:in `_render_template'
  actionpack (3.2.2) lib/abstract_controller/rendering.rb:103:in `render_to_body'
  actionpack (3.2.2) lib/action_controller/metal/renderers.rb:28:in `render_to_body'
  actionpack (3.2.2) lib/action_controller/metal/compatibility.rb:50:in `render_to_body'
  actionpack (3.2.2) lib/abstract_controller/rendering.rb:88:in `render'
  actionpack (3.2.2) lib/action_controller/metal/rendering.rb:16:in `render'
  actionpack (3.2.2) lib/action_controller/metal/instrumentation.rb:40:in `block (2 levels) in render'
  activesupport (3.2.2) lib/active_support/core_ext/benchmark.rb:5:in `block in ms'
  /System/Library/Frameworks/Ruby.framework/Versions/2.0/usr/lib/ruby/2.0.0/benchmark.rb:296:in `realtime'
  activesupport (3.2.2) lib/active_support/core_ext/benchmark.rb:5:in `ms'
  actionpack (3.2.2) lib/action_controller/metal/instrumentation.rb:40:in `block in render'
  actionpack (3.2.2) lib/action_controller/metal/instrumentation.rb:83:in `cleanup_view_runtime'
  activerecord (3.2.2) lib/active_record/railties/controller_runtime.rb:24:in `cleanup_view_runtime'
  actionpack (3.2.2) lib/action_controller/metal/instrumentation.rb:39:in `render'
  actionpack (3.2.2) lib/action_controller/metal/implicit_render.rb:10:in `default_render'
  actionpack (3.2.2) lib/action_controller/metal/implicit_render.rb:5:in `send_action'
  actionpack (3.2.2) lib/abstract_controller/base.rb:167:in `process_action'
  actionpack (3.2.2) lib/action_controller/metal/rendering.rb:10:in `process_action'
  actionpack (3.2.2) lib/abstract_controller/callbacks.rb:18:in `block in process_action'
  activesupport (3.2.2) lib/active_support/callbacks.rb:414:in `_run__122967748154395849__process_action__63710888758503626__callbacks'
  activesupport (3.2.2) lib/active_support/callbacks.rb:405:in `__run_callback'
  activesupport (3.2.2) lib/active_support/callbacks.rb:385:in `_run_process_action_callbacks'
  activesupport (3.2.2) lib/active_support/callbacks.rb:81:in `run_callbacks'
  actionpack (3.2.2) lib/abstract_controller/callbacks.rb:17:in `process_action'
  actionpack (3.2.2) lib/action_controller/metal/rescue.rb:29:in `process_action'
  actionpack (3.2.2) lib/action_controller/metal/instrumentation.rb:30:in `block in process_action'
  activesupport (3.2.2) lib/active_support/notifications.rb:123:in `block in instrument'
  activesupport (3.2.2) lib/active_support/notifications/instrumenter.rb:20:in `instrument'
  activesupport (3.2.2) lib/active_support/notifications.rb:123:in `instrument'
  actionpack (3.2.2) lib/action_controller/metal/instrumentation.rb:29:in `process_action'
  actionpack (3.2.2) lib/action_controller/metal/params_wrapper.rb:205:in `process_action'
  activerecord (3.2.2) lib/active_record/railties/controller_runtime.rb:18:in `process_action'
  actionpack (3.2.2) lib/abstract_controller/base.rb:121:in `process'
  actionpack (3.2.2) lib/abstract_controller/rendering.rb:45:in `process'
  actionpack (3.2.2) lib/action_controller/metal.rb:203:in `dispatch'
  actionpack (3.2.2) lib/action_controller/metal/rack_delegation.rb:14:in `dispatch'
  actionpack (3.2.2) lib/action_controller/metal.rb:246:in `block in action'
  actionpack (3.2.2) lib/action_dispatch/routing/route_set.rb:67:in `call'
  actionpack (3.2.2) lib/action_dispatch/routing/route_set.rb:67:in `dispatch'
  actionpack (3.2.2) lib/action_dispatch/routing/route_set.rb:30:in `call'
  journey (1.0.4) lib/journey/router.rb:68:in `block in call'
  journey (1.0.4) lib/journey/router.rb:56:in `each'
  journey (1.0.4) lib/journey/router.rb:56:in `call'
  actionpack (3.2.2) lib/action_dispatch/routing/route_set.rb:594:in `call'
  actionpack (3.2.2) lib/action_dispatch/middleware/best_standards_support.rb:17:in `call'
  rack (1.4.1) lib/rack/etag.rb:23:in `call'
  rack (1.4.1) lib/rack/conditionalget.rb:25:in `call'
  actionpack (3.2.2) lib/action_dispatch/middleware/head.rb:14:in `call'
  actionpack (3.2.2) lib/action_dispatch/middleware/params_parser.rb:21:in `call'
  actionpack (3.2.2) lib/action_dispatch/middleware/flash.rb:242:in `call'
  rack (1.4.1) lib/rack/session/abstract/id.rb:205:in `context'
  rack (1.4.1) lib/rack/session/abstract/id.rb:200:in `call'
  actionpack (3.2.2) lib/action_dispatch/middleware/cookies.rb:338:in `call'
  activerecord (3.2.2) lib/active_record/query_cache.rb:64:in `call'
  activerecord (3.2.2) lib/active_record/connection_adapters/abstract/connection_pool.rb:443:in `call'
  actionpack (3.2.2) lib/action_dispatch/middleware/callbacks.rb:28:in `block in call'
  activesupport (3.2.2) lib/active_support/callbacks.rb:405:in `_run__279829379048311094__call__9349657319165825__callbacks'
  activesupport (3.2.2) lib/active_support/callbacks.rb:405:in `__run_callback'
  activesupport (3.2.2) lib/active_support/callbacks.rb:385:in `_run_call_callbacks'
  activesupport (3.2.2) lib/active_support/callbacks.rb:81:in `run_callbacks'
  actionpack (3.2.2) lib/action_dispatch/middleware/callbacks.rb:27:in `call'
  actionpack (3.2.2) lib/action_dispatch/middleware/reloader.rb:65:in `call'
  actionpack (3.2.2) lib/action_dispatch/middleware/remote_ip.rb:31:in `call'
  actionpack (3.2.2) lib/action_dispatch/middleware/debug_exceptions.rb:16:in `call'
  actionpack (3.2.2) lib/action_dispatch/middleware/show_exceptions.rb:56:in `call'
  railties (3.2.2) lib/rails/rack/logger.rb:26:in `call_app'
  railties (3.2.2) lib/rails/rack/logger.rb:16:in `call'
  actionpack (3.2.2) lib/action_dispatch/middleware/request_id.rb:22:in `call'
  rack (1.4.1) lib/rack/methodoverride.rb:21:in `call'
  rack (1.4.1) lib/rack/runtime.rb:17:in `call'
  activesupport (3.2.2) lib/active_support/cache/strategy/local_cache.rb:72:in `call'
  rack (1.4.1) lib/rack/lock.rb:15:in `call'
  actionpack (3.2.2) lib/action_dispatch/middleware/static.rb:61:in `call'
  railties (3.2.2) lib/rails/engine.rb:479:in `call'
  railties (3.2.2) lib/rails/application.rb:220:in `call'
  rack (1.4.1) lib/rack/content_length.rb:14:in `call'
  railties (3.2.2) lib/rails/rack/log_tailer.rb:14:in `call'
  rack (1.4.1) lib/rack/handler/webrick.rb:59:in `service'
  /System/Library/Frameworks/Ruby.framework/Versions/2.0/usr/lib/ruby/2.0.0/webrick/httpserver.rb:138:in `service'
  /System/Library/Frameworks/Ruby.framework/Versions/2.0/usr/lib/ruby/2.0.0/webrick/httpserver.rb:94:in `run'
  /System/Library/Frameworks/Ruby.framework/Versions/2.0/usr/lib/ruby/2.0.0/webrick/server.rb:295:in `block in start_thread'


  Rendered /Library/Ruby/Gems/2.0.0/gems/actionpack-3.2.2/lib/action_dispatch/middleware/templates/rescues/missing_template.erb within rescues/layout (0.3ms)
